<?xml version="1.0" encoding="UTF-8"?>
<!-- Generated by org.testng.reporters.JUnitXMLReporter -->
<testsuite ignored="0" hostname="LAPTOP-086R0F2E" failures="1" tests="1" name="Test" time="0.225" errors="0" timestamp="2021-08-10T22:07:05 IST">
  <testcase classname="maven.project.AmazonTest" name="launcbrowser" time="0.018">
    <failure type="java.lang.NullPointerException">
      <![CDATA[java.lang.NullPointerException
at maven.project.AmazonTest.launcbrowser(AmazonTest.java:26)
at java.base/java.util.ArrayList.forEach(ArrayList.java:1541)
... Removed 27 stack frames]]>
    </failure>
  </testcase> <!-- launcbrowser -->
</testsuite> <!-- Test -->
