<?xml version="1.0" encoding="UTF-8"?>
<!-- Generated by org.testng.reporters.JUnitXMLReporter -->
<testsuite ignored="0" hostname="LAPTOP-086R0F2E" failures="0" tests="6" name="Mytest" time="0.221" errors="0" timestamp="2021-08-10T22:39:59 IST">
  <testcase classname="maven.project.AmazonTest" name="aundrfined" time="0.007"/>
  <testcase classname="maven.project.AmazonTest" name="launcbrowser" time="0.002"/>
  <testcase classname="maven.project.AmazonTest" name="opentheWebsite" time="0.002"/>
  <testcase classname="maven.project.AmazonTest" name="maximizeTheWindow" time="0.001"/>
  <testcase classname="maven.project.AmazonTest" name="waiting" time="0.004"/>
  <testcase classname="maven.project.AmazonTest" name="closeTheBrowser" time="0.002"/>
</testsuite> <!-- Mytest -->
